<?xml version="1.0" encoding="UTF-8"?>
<testsuite name="TestAll" tests="1" skipped="0" failures="0" errors="0" timestamp="2021-03-04T12:50:43" hostname="LUCA-PC" time="0.047">
  <properties/>
  <testcase name="All tests deployed" classname="TestAll" time="0.047"/>
  <system-out><![CDATA[]]></system-out>
  <system-err><![CDATA[]]></system-err>
</testsuite>
